ClimaTempo/androidApp/build/intermediates/manifest_merge_blame_file/debug/manifest-merger-blame-debug-report.txt
1<?xml version="1.0" encoding="utf-8"?>
2<manifest xmlns:android="http://schemas.android.com/apk/res/android"
3    package="me.rafael.yokota.androidApp"
4    android:versionCode="1"
5    android:versionName="1.0" >
6
7    <uses-sdk
8        android:minSdkVersion="24"
8-->src\main\AndroidManifest.xml
9        android:targetSdkVersion="29" />
9-->src\main\AndroidManifest.xml
10
11    <uses-permission android:name="android.permission.INTERNET" />
11-->src\main\AndroidManifest.xml:3:5-67
11-->src\main\AndroidManifest.xml:3:22-64
12    <uses-permission android:name="android.permission.ACCESS_NETWORK_STATE" />
12-->src\main\AndroidManifest.xml:4:5-79
12-->src\main\AndroidManifest.xml:4:22-76
13    <uses-permission android:name="android.permission.ACCESS_FINE_LOCATION" />
13-->src\main\AndroidManifest.xml:5:5-79
13-->src\main\AndroidManifest.xml:5:22-76
14
15    <application
15-->src\main\AndroidManifest.xml:7:5-18:19
16        android:allowBackup="false"
16-->src\main\AndroidManifest.xml:9:13-40
17        android:appComponentFactory="androidx.core.app.CoreComponentFactory"
17-->[androidx.core:core:1.5.0] AndroidManifest.xml:24:18-86
18        android:debuggable="true"
19        android:extractNativeLibs="false"
20        android:supportsRtl="true"
20-->src\main\AndroidManifest.xml:10:13-39
21        android:testOnly="true"
22        android:theme="@style/AppTheme"
22-->src\main\AndroidManifest.xml:11:13-44
23        android:usesCleartextTraffic="true" >
23-->src\main\AndroidManifest.xml:8:13-48
24        <activity android:name="me.rafael.yokota.androidApp.MainActivity" >
24-->src\main\AndroidManifest.xml:12:9-17:20
24-->src\main\AndroidManifest.xml:12:19-47
25            <intent-filter>
25-->src\main\AndroidManifest.xml:13:13-16:29
26                <action android:name="android.intent.action.MAIN" />
26-->src\main\AndroidManifest.xml:14:17-68
26-->src\main\AndroidManifest.xml:14:25-66
27
28                <category android:name="android.intent.category.LAUNCHER" />
28-->src\main\AndroidManifest.xml:15:17-76
28-->src\main\AndroidManifest.xml:15:27-74
29            </intent-filter>
30        </activity>
31        <activity android:name="com.vmadalin.easypermissions.components.TestActivity" />
31-->[com.vmadalin:easypermissions-ktx:1.0.0] AndroidManifest.xml:13:9-89
31-->[com.vmadalin:easypermissions-ktx:1.0.0] AndroidManifest.xml:13:19-86
32        <activity android:name="com.vmadalin.easypermissions.components.TestAppCompatActivity" />
32-->[com.vmadalin:easypermissions-ktx:1.0.0] AndroidManifest.xml:14:9-98
32-->[com.vmadalin:easypermissions-ktx:1.0.0] AndroidManifest.xml:14:19-95
33        <activity android:name="com.vmadalin.easypermissions.components.TestSupportFragmentActivity" />
33-->[com.vmadalin:easypermissions-ktx:1.0.0] AndroidManifest.xml:15:9-104
33-->[com.vmadalin:easypermissions-ktx:1.0.0] AndroidManifest.xml:15:19-101
34
35        <provider
35-->[com.squareup.picasso:picasso:2.71828] AndroidManifest.xml:8:9-11:40
36            android:name="com.squareup.picasso.PicassoProvider"
36-->[com.squareup.picasso:picasso:2.71828] AndroidManifest.xml:9:13-64
37            android:authorities="me.rafael.yokota.androidApp.com.squareup.picasso"
37-->[com.squareup.picasso:picasso:2.71828] AndroidManifest.xml:10:13-72
38            android:exported="false" />
38-->[com.squareup.picasso:picasso:2.71828] AndroidManifest.xml:11:13-37
39
40        <activity
40-->[com.google.android.gms:play-services-base:17.5.0] AndroidManifest.xml:23:9-26:75
41            android:name="com.google.android.gms.common.api.GoogleApiActivity"
41-->[com.google.android.gms:play-services-base:17.5.0] AndroidManifest.xml:24:13-79
42            android:exported="false"
42-->[com.google.android.gms:play-services-base:17.5.0] AndroidManifest.xml:25:13-37
43            android:theme="@android:style/Theme.Translucent.NoTitleBar" />
43-->[com.google.android.gms:play-services-base:17.5.0] AndroidManifest.xml:26:13-72
44
45        <meta-data
45-->[com.google.android.gms:play-services-basement:17.5.0] AndroidManifest.xml:23:9-25:69
46            android:name="com.google.android.gms.version"
46-->[com.google.android.gms:play-services-basement:17.5.0] AndroidManifest.xml:24:13-58
47            android:value="@integer/google_play_services_version" />
47-->[com.google.android.gms:play-services-basement:17.5.0] AndroidManifest.xml:25:13-66
48    </application>
49
50</manifest>